

Version:	3.12
CmdLine:	C:\Users\RAJARSI\Documents\GitHub\Java-Swing-Note-Application\Note.exe --l4j-debug
WOW64:		yes
Working dir:	C:\Users\RAJARSI\Documents\GitHub\Java-Swing-Note-Application\.
Java min ver:	
Java max ver:	
Bundled JRE:	C:\Java\jre1.8.0_241\bin
Check launcher:	C:\Java\jre1.8.0_241\bin\bin\javaw.exe (not found)
Error msg:	This application was configured to use a bundled Java Runtime Environment but the runtime is missing or corrupted.


Version:	3.12
CmdLine:	C:\Users\RAJARSI\Documents\GitHub\Java-Swing-Note-Application\Note.exe --l4j-debug
WOW64:		yes
Working dir:	C:\Users\RAJARSI\Documents\GitHub\Java-Swing-Note-Application\.
Java min ver:	
Java max ver:	
Bundled JRE:	C:\Java\jre1.8.0_241\bin
Check launcher:	C:\Java\jre1.8.0_241\bin\bin\javaw.exe (not found)
Error msg:	This application was configured to use a bundled Java Runtime Environment but the runtime is missing or corrupted.


Version:	3.12
CmdLine:	C:\Users\RAJARSI\Documents\GitHub\Java-Swing-Note-Application\Note.exe --l4j-debug
WOW64:		yes
Working dir:	C:\Users\RAJARSI\Documents\GitHub\Java-Swing-Note-Application\.
Java min ver:	
Java max ver:	
Bundled JRE:	C:\Java\jre1.8.0_241\bin
Check launcher:	C:\Java\jre1.8.0_241\bin\bin\javaw.exe (not found)
Error msg:	This application was configured to use a bundled Java Runtime Environment but the runtime is missing or corrupted.


Version:	3.12
CmdLine:	C:\Users\RAJARSI\Documents\GitHub\Java-Swing-Note-Application\Note.exe --l4j-debug
WOW64:		yes
Working dir:	C:\Users\RAJARSI\Documents\GitHub\Java-Swing-Note-Application\.
Java min ver:	
Java max ver:	
Bundled JRE:	C:\Java\jre1.8.0_241\bin
Check launcher:	C:\Java\jre1.8.0_241\bin\bin\javaw.exe (not found)
Error msg:	This application was configured to use a bundled Java Runtime Environment but the runtime is missing or corrupted.


Version:	3.12
CmdLine:	C:\Users\RAJARSI\Documents\GitHub\Java-Swing-Note-Application\Note.exe --l4j-debug
WOW64:		yes
Working dir:	C:\Users\RAJARSI\Documents\GitHub\Java-Swing-Note-Application\.
Java min ver:	1.004.000
Java max ver:	
64-bit search:	SOFTWARE\JavaSoft\Java Runtime Environment...
32-bit search:	SOFTWARE\JavaSoft\Java Runtime Environment...
64-bit search:	SOFTWARE\JavaSoft\Java Development Kit...
Check:		SOFTWARE\JavaSoft\Java Development Kit\1.8
Check launcher:	C:\Java\jdk1.8.0_241\bin\javaw.exe (OK)
Match:		1.008.000
Check:		SOFTWARE\JavaSoft\Java Development Kit\1.8.0_241
Check launcher:	C:\Java\jdk1.8.0_241\bin\javaw.exe (OK)
Match:		1.008.000_241
64-bit search:	SOFTWARE\JavaSoft\JRE...
64-bit search:	SOFTWARE\JavaSoft\JDK...
Runtime used:	1.008.000_241 (64-bit)
Substitute:	JAVA_HOME = C:\Java\jdk1.8.0_241\
Launcher:	C:\Java\jdk1.8.0_241\bin\javaw.exe
Launcher args:	C:\Java\jdk1.8.0_241\ -jar "C:\Users\RAJARSI\Documents\GitHub\Java-Swing-Note-Application\Note.exe"
Args length:	99/32768 chars
Exit code:	0


Version:	3.12
CmdLine:	C:\Users\RAJARSI\Documents\GitHub\Java-Swing-Note-Application\Note.exe --l4j-debug
WOW64:		yes
Working dir:	C:\Users\RAJARSI\Documents\GitHub\Java-Swing-Note-Application\.
Java min ver:	1.004.000
Java max ver:	
64-bit search:	SOFTWARE\JavaSoft\Java Runtime Environment...
32-bit search:	SOFTWARE\JavaSoft\Java Runtime Environment...
64-bit search:	SOFTWARE\JavaSoft\Java Development Kit...
Check:		SOFTWARE\JavaSoft\Java Development Kit\1.8
Check launcher:	C:\Java\jdk1.8.0_241\bin\javaw.exe (OK)
Match:		1.008.000
Check:		SOFTWARE\JavaSoft\Java Development Kit\1.8.0_241
Check launcher:	C:\Java\jdk1.8.0_241\bin\javaw.exe (OK)
Match:		1.008.000_241
64-bit search:	SOFTWARE\JavaSoft\JRE...
64-bit search:	SOFTWARE\JavaSoft\JDK...
Runtime used:	1.008.000_241 (64-bit)
Substitute:	JAVA_HOME = C:\Java\jdk1.8.0_241\
Launcher:	C:\Java\jdk1.8.0_241\bin\javaw.exe
Launcher args:	C:\Java\jdk1.8.0_241\ -jar "C:\Users\RAJARSI\Documents\GitHub\Java-Swing-Note-Application\Note.exe"
Args length:	99/32768 chars
Exit code:	0


Version:	3.12
CmdLine:	C:\Users\RAJARSI\Documents\GitHub\Java-Swing-Note-Application\Note.exe --l4j-debug
WOW64:		yes
Working dir:	C:\Users\RAJARSI\Documents\GitHub\Java-Swing-Note-Application\.
Java min ver:	1.004.000
Java max ver:	
64-bit search:	SOFTWARE\JavaSoft\Java Runtime Environment...
32-bit search:	SOFTWARE\JavaSoft\Java Runtime Environment...
64-bit search:	SOFTWARE\JavaSoft\Java Development Kit...
Check:		SOFTWARE\JavaSoft\Java Development Kit\1.8
Check launcher:	C:\Java\jdk1.8.0_241\bin\javaw.exe (OK)
Match:		1.008.000
Check:		SOFTWARE\JavaSoft\Java Development Kit\1.8.0_241
Check launcher:	C:\Java\jdk1.8.0_241\bin\javaw.exe (OK)
Match:		1.008.000_241
64-bit search:	SOFTWARE\JavaSoft\JRE...
64-bit search:	SOFTWARE\JavaSoft\JDK...
Runtime used:	1.008.000_241 (64-bit)
Launcher:	C:\Java\jdk1.8.0_241\bin\javaw.exe
Launcher args:	-jar "C:\Users\RAJARSI\Documents\GitHub\Java-Swing-Note-Application\Note.exe"
Args length:	77/32768 chars
Exit code:	0


Version:	3.12
CmdLine:	C:\Users\RAJARSI\Documents\GitHub\Java-Swing-Note-Application\Note.exe --l4j-debug
WOW64:		yes
Working dir:	C:\Users\RAJARSI\Documents\GitHub\Java-Swing-Note-Application\.
Java min ver:	1.004.000
Java max ver:	
64-bit search:	SOFTWARE\JavaSoft\Java Runtime Environment...
32-bit search:	SOFTWARE\JavaSoft\Java Runtime Environment...
64-bit search:	SOFTWARE\JavaSoft\Java Development Kit...
Check:		SOFTWARE\JavaSoft\Java Development Kit\1.8
Check launcher:	C:\Java\jdk1.8.0_241\bin\javaw.exe (OK)
Match:		1.008.000
Check:		SOFTWARE\JavaSoft\Java Development Kit\1.8.0_241
Check launcher:	C:\Java\jdk1.8.0_241\bin\javaw.exe (OK)
Match:		1.008.000_241
64-bit search:	SOFTWARE\JavaSoft\JRE...
64-bit search:	SOFTWARE\JavaSoft\JDK...
Runtime used:	1.008.000_241 (64-bit)
Launcher:	C:\Java\jdk1.8.0_241\bin\javaw.exe
Launcher args:	-jar "C:\Users\RAJARSI\Documents\GitHub\Java-Swing-Note-Application\Note.exe"
Args length:	77/32768 chars
Exit code:	0
